<?xml version="1.0" encoding="UTF-8"?>
<testng-results ignored="0" total="1" passed="0" failed="1" skipped="0">
  <reporter-output>
  </reporter-output>
  <suite started-at="2023-06-16T11:54:53 IST" name="QAF Demo" finished-at="2023-06-16T11:54:53 IST" duration-ms="137">
    <groups>
      <group name="scenario">
        <method signature="DataDrivenScenario.scenario(java.util.Map)[pri:0, instance:com.qmetry.qaf.automation.step.client.DataDrivenScenario@3e8, instance params:[org.testng.TestRunner@363a52f]]" name="scenario" class="com.qmetry.qaf.automation.step.client.DataDrivenScenario"/>
      </group> <!-- scenario -->
    </groups>
    <test started-at="2023-06-16T11:54:53 IST" name="BDD Test" finished-at="2023-06-16T11:54:53 IST" duration-ms="137">
      <class name="com.qmetry.qaf.automation.step.client.DataDrivenScenario">
        <test-method is-config="true" signature="setupSuit(org.testng.ITestContext)[pri:0, instance:com.qmetry.qaf.automation.step.client.DataDrivenScenario@3e8, instance params:[org.testng.TestRunner@363a52f]]" started-at="2023-06-16T11:54:53 IST" name="setupSuit" test-instance-name="TC_01: User Enter Train Details" finished-at="2023-06-16T11:54:53 IST" duration-ms="36" status="PASS">
          <params>
            <param index="0">
              <value>
                <![CDATA[org.testng.TestRunner@363a52f]]>
              </value>
            </param>
          </params>
          <reporter-output>
          </reporter-output>
        </test-method> <!-- setupSuit -->
        <test-method is-config="true" signature="setupTest(org.testng.ITestContext)[pri:0, instance:com.qmetry.qaf.automation.step.client.DataDrivenScenario@3e8, instance params:[org.testng.TestRunner@363a52f]]" started-at="2023-06-16T11:54:53 IST" name="setupTest" test-instance-name="TC_01: User Enter Train Details" finished-at="2023-06-16T11:54:53 IST" duration-ms="1" status="PASS">
          <params>
            <param index="0">
              <value>
                <![CDATA[org.testng.TestRunner@363a52f]]>
              </value>
            </param>
          </params>
          <reporter-output>
          </reporter-output>
        </test-method> <!-- setupTest -->
        <test-method is-config="true" signature="setup(org.testng.ITestContext)[pri:0, instance:com.qmetry.qaf.automation.step.client.DataDrivenScenario@3e8, instance params:[org.testng.TestRunner@363a52f]]" started-at="2023-06-16T11:54:53 IST" name="setup" test-instance-name="TC_01: User Enter Train Details" finished-at="2023-06-16T11:54:53 IST" duration-ms="1" status="PASS">
          <params>
            <param index="0">
              <value>
                <![CDATA[org.testng.TestRunner@363a52f]]>
              </value>
            </param>
          </params>
          <reporter-output>
          </reporter-output>
        </test-method> <!-- setup -->
        <test-method signature="scenario(java.util.Map)[pri:0, instance:com.qmetry.qaf.automation.step.client.DataDrivenScenario@3e8, instance params:[org.testng.TestRunner@363a52f]]" started-at="2023-06-16T11:54:53 IST" name="scenario" data-provider="qaf-data-provider" test-instance-name="TC_01: User Enter Train Details" finished-at="2023-06-16T11:54:53 IST" duration-ms="0" status="FAIL">
          <exception class="java.lang.RuntimeException">
            <message>
              <![CDATA[java.lang.ClassCastException: class org.testng.internal.TestNGMethod cannot be cast to class com.qmetry.qaf.automation.step.client.TestNGScenario (org.testng.internal.TestNGMethod and com.qmetry.qaf.automation.step.client.TestNGScenario are in unnamed module of loader 'app')]]>
            </message>
            <full-stacktrace>
              <![CDATA[java.lang.RuntimeException: java.lang.ClassCastException: class org.testng.internal.TestNGMethod cannot be cast to class com.qmetry.qaf.automation.step.client.TestNGScenario (org.testng.internal.TestNGMethod and com.qmetry.qaf.automation.step.client.TestNGScenario are in unnamed module of loader 'app')
at org.testng.internal.invokers.MethodInvocationHelper.invokeMethodNoCheckedException(MethodInvocationHelper.java:57)
at org.testng.internal.invokers.MethodInvocationHelper.invokeDataProvider(MethodInvocationHelper.java:157)
at org.testng.internal.Parameters.handleParameters(Parameters.java:803)
at org.testng.internal.Parameters.handleParameters(Parameters.java:728)
at org.testng.internal.invokers.ParameterHandler.handleParameters(ParameterHandler.java:72)
at org.testng.internal.invokers.ParameterHandler.createParameters(ParameterHandler.java:51)
at org.testng.internal.invokers.TestInvoker$MethodInvocationAgent.invoke(TestInvoker.java:911)
at org.testng.internal.invokers.TestInvoker.invokeTestMethods(TestInvoker.java:200)
at org.testng.internal.invokers.TestMethodWorker.invokeTestMethods(TestMethodWorker.java:148)
at org.testng.internal.invokers.TestMethodWorker.run(TestMethodWorker.java:128)
at java.base/java.util.ArrayList.forEach(ArrayList.java:1511)
at org.testng.TestRunner.privateRun(TestRunner.java:848)
at org.testng.TestRunner.run(TestRunner.java:621)
at org.testng.SuiteRunner.runTest(SuiteRunner.java:443)
at org.testng.SuiteRunner.runSequentially(SuiteRunner.java:437)
at org.testng.SuiteRunner.privateRun(SuiteRunner.java:397)
at org.testng.SuiteRunner.run(SuiteRunner.java:336)
at org.testng.SuiteRunnerWorker.runSuite(SuiteRunnerWorker.java:52)
at org.testng.SuiteRunnerWorker.run(SuiteRunnerWorker.java:95)
at org.testng.TestNG.runSuitesSequentially(TestNG.java:1280)
at org.testng.TestNG.runSuitesLocally(TestNG.java:1200)
at org.testng.TestNG.runSuites(TestNG.java:1114)
at org.testng.TestNG.run(TestNG.java:1082)
at org.testng.remote.AbstractRemoteTestNG.run(AbstractRemoteTestNG.java:115)
at org.testng.remote.RemoteTestNG.initAndRun(RemoteTestNG.java:251)
at org.testng.remote.RemoteTestNG.main(RemoteTestNG.java:77)
Caused by: java.lang.ClassCastException: class org.testng.internal.TestNGMethod cannot be cast to class com.qmetry.qaf.automation.step.client.TestNGScenario (org.testng.internal.TestNGMethod and com.qmetry.qaf.automation.step.client.TestNGScenario are in unnamed module of loader 'app')
at com.qmetry.qaf.automation.testng.dataprovider.QAFInetrceptableDataProvider.interceptedDataProvider(QAFInetrceptableDataProvider.java:91)
at java.base/jdk.internal.reflect.NativeMethodAccessorImpl.invoke0(Native Method)
at java.base/jdk.internal.reflect.NativeMethodAccessorImpl.invoke(NativeMethodAccessorImpl.java:77)
at java.base/jdk.internal.reflect.DelegatingMethodAccessorImpl.invoke(DelegatingMethodAccessorImpl.java:43)
at java.base/java.lang.reflect.Method.invoke(Method.java:568)
at org.testng.internal.invokers.MethodInvocationHelper.invokeMethod(MethodInvocationHelper.java:139)
at org.testng.internal.invokers.MethodInvocationHelper.invokeMethod(MethodInvocationHelper.java:84)
at org.testng.internal.invokers.MethodInvocationHelper.invokeMethodNoCheckedException(MethodInvocationHelper.java:53)
... 25 more
]]>
            </full-stacktrace>
          </exception> <!-- java.lang.RuntimeException -->
          <reporter-output>
          </reporter-output>
        </test-method> <!-- scenario -->
        <test-method is-config="true" signature="afterClass(org.testng.ITestContext)[pri:0, instance:com.qmetry.qaf.automation.step.client.DataDrivenScenario@3e8, instance params:[org.testng.TestRunner@363a52f]]" started-at="2023-06-16T11:54:53 IST" name="afterClass" test-instance-name="TC_01: User Enter Train Details" finished-at="2023-06-16T11:54:53 IST" duration-ms="1" status="PASS">
          <params>
            <param index="0">
              <value>
                <![CDATA[org.testng.TestRunner@363a52f]]>
              </value>
            </param>
          </params>
          <reporter-output>
          </reporter-output>
        </test-method> <!-- afterClass -->
        <test-method is-config="true" signature="afterTest(org.testng.ITestContext)[pri:0, instance:com.qmetry.qaf.automation.step.client.DataDrivenScenario@3e8, instance params:[org.testng.TestRunner@363a52f]]" started-at="2023-06-16T11:54:53 IST" name="afterTest" test-instance-name="TC_01: User Enter Train Details" finished-at="2023-06-16T11:54:53 IST" duration-ms="1" status="PASS">
          <params>
            <param index="0">
              <value>
                <![CDATA[org.testng.TestRunner@363a52f]]>
              </value>
            </param>
          </params>
          <reporter-output>
          </reporter-output>
        </test-method> <!-- afterTest -->
      </class> <!-- com.qmetry.qaf.automation.step.client.DataDrivenScenario -->
    </test> <!-- BDD Test -->
  </suite> <!-- QAF Demo -->
</testng-results>
